<?xml version="1.0" encoding="UTF-8"?>
<testsuite name="br.com.invillia.projetoPaloAlto.unitTest.individualTest.IndividualDeleteTest" tests="6" skipped="0" failures="0" errors="0" timestamp="2020-06-10T17:53:25" hostname="aline" time="0.074">
  <properties/>
  <testcase name="deleteByDocumentNotExists()" classname="br.com.invillia.projetoPaloAlto.unitTest.individualTest.IndividualDeleteTest" time="0.005"/>
  <testcase name="deleteByDocumentExists()" classname="br.com.invillia.projetoPaloAlto.unitTest.individualTest.IndividualDeleteTest" time="0.041"/>
  <testcase name="deleteByIdExists()" classname="br.com.invillia.projetoPaloAlto.unitTest.individualTest.IndividualDeleteTest" time="0.007"/>
  <testcase name="deleteByDocumentAlreadyDeleted()" classname="br.com.invillia.projetoPaloAlto.unitTest.individualTest.IndividualDeleteTest" time="0.005"/>
  <testcase name="deleteByIdAlreadyDeleted()" classname="br.com.invillia.projetoPaloAlto.unitTest.individualTest.IndividualDeleteTest" time="0.004"/>
  <testcase name="deleteByIdNotExists()" classname="br.com.invillia.projetoPaloAlto.unitTest.individualTest.IndividualDeleteTest" time="0.006"/>
  <system-out><![CDATA[]]></system-out>
  <system-err><![CDATA[]]></system-err>
</testsuite>
